<?xml version="1.0" encoding="UTF-8"?>
<!-- Generated by org.testng.reporters.JUnitXMLReporter -->
<testsuite hostname="juandeMacBook-Pro.local" ignored="0" name="Default test" tests="6" failures="0" timestamp="22 Jul 2020 07:54:09 GMT" time="1.284" errors="0">
  <testcase name="addScopeUserTest" time="0.894" classname="yhtTestNG02.yhtTestNG02.baomaInterface"/>
  <testcase name="genLoginTokenWithScopeTest" time="0.212" classname="yhtTestNG02.yhtTestNG02.baomaInterface"/>
  <testcase name="getLoginTokenByAccessTokenTest" time="0.021" classname="yhtTestNG02.yhtTestNG02.baomaInterface"/>
  <testcase name="getScopeUserInfoTest" time="0.042" classname="yhtTestNG02.yhtTestNG02.baomaInterface"/>
  <testcase name="modifyScopeUserTest" time="0.002" classname="yhtTestNG02.yhtTestNG02.baomaInterface"/>
  <testcase name="generateAccessTokenWithScopeTest" time="0.087" classname="yhtTestNG02.yhtTestNG02.baomaInterface"/>
</testsuite> <!-- Default test -->
